#
# There is insufficient memory for the Java Runtime Environment to continue.
# Native memory allocation (malloc) failed to allocate 1048576 bytes for AllocateHeap
# Possible reasons:
#   The system is out of physical RAM or swap space
#   In 32 bit mode, the process size limit was hit
# Possible solutions:
#   Reduce memory load on the system
#   Increase physical memory or swap space
#   Check if swap backing store is full
#   Use 64 bit Java on a 64 bit OS
#   Decrease Java heap size (-Xmx/-Xms)
#   Decrease number of Java threads
#   Decrease Java thread stack sizes (-Xss)
#   Set larger code cache with -XX:ReservedCodeCacheSize=
# This output file may be truncated or incomplete.
#
#  Out of Memory Error (memory/allocation.inline.hpp:61), pid=20644, tid=0x00000000000048dc
#
# JRE version:  (8.0_121-b13) (build )
# Java VM: Java HotSpot(TM) 64-Bit Server VM (25.121-b13 mixed mode windows-amd64 compressed oops)
# Failed to write core dump. Minidumps are not enabled by default on client versions of Windows
#

---------------  T H R E A D  ---------------

Current thread (0x00000000024ff000):  JavaThread "Unknown thread" [_thread_in_vm, id=18652, stack(0x00000000026e0000,0x00000000027e0000)]

Stack: [0x00000000026e0000,0x00000000027e0000]
[error occurred during error reporting (printing stack bounds), id 0xc0000005]

Native frames: (J=compiled Java code, j=interpreted, Vv=VM code, C=native code)


---------------  P R O C E S S  ---------------

Java Threads: ( => current thread )

Other Threads:

=>0x00000000024ff000 (exited) JavaThread "Unknown thread" [_thread_in_vm, id=18652, stack(0x00000000026e0000,0x00000000027e0000)]

VM state:not at safepoint (normal execution)

VM Mutex/Monitor currently owned by a thread: None

Heap:
 PSYoungGen      total 35840K, used 614K [0x00000000d8400000, 0x00000000dac00000, 0x0000000100000000)
  eden space 30720K, 2% used [0x00000000d8400000,0x00000000d84999a8,0x00000000da200000)
  from space 5120K, 0% used [0x00000000da700000,0x00000000da700000,0x00000000dac00000)
  to   space 5120K, 0% used [0x00000000da200000,0x00000000da200000,0x00000000da700000)
 ParOldGen       total 81920K, used 0K [0x0000000088c00000, 0x000000008dc00000, 0x00000000d8400000)
  object space 81920K, 0% used [0x0000000088c00000,0x0000000088c00000,0x000000008dc00000)
 Metaspace       used 746K, capacity 4480K, committed 4480K, reserved 1056768K
  class space    used 75K, capacity 384K, committed 384K, reserved 1048576K

Card table byte_map: [0x0000000011ba0000,0x0000000011f60000] byte_map_base: 0x000000001175a000

Marking Bits: (ParMarkBitMap*) 0x0000000052b1b6d0
 Begin Bits: [0x0000000012d40000, 0x0000000014b10000)
 End Bits:   [0x0000000014b10000, 0x00000000168e0000)

Polling page: 0x0000000000220000

CodeCache: size=245760Kb used=328Kb max_used=328Kb free=245431Kb
 bounds [0x00000000027e0000, 0x0000000002a50000, 0x00000000117e0000]
 total_blobs=58 nmethods=0 adapters=38
 compilation: enabled

Compilation events (0 events):
No events

GC Heap History (0 events):
No events

Deoptimization events (0 events):
No events

Internal exceptions (0 events):
No events

Events (10 events):
Event: 0.026 loading class java/lang/Short
Event: 0.026 loading class java/lang/Short done
Event: 0.026 loading class java/lang/Integer
Event: 0.026 loading class java/lang/Integer done
Event: 0.026 loading class java/lang/Long
Event: 0.026 loading class java/lang/Long done
Event: 0.027 loading class java/lang/NullPointerException
Event: 0.027 loading class java/lang/NullPointerException done
Event: 0.027 loading class java/lang/ArithmeticException
Event: 0.027 loading class java/lang/ArithmeticException done


Dynamic libraries:
0x000000013fa00000 - 0x000000013fa37000 	C:\Program Files\Java\jre1.8.0_121\bin\javaw.exe
0x0000000077b10000 - 0x0000000077cba000 	C:\Windows\SYSTEM32\ntdll.dll
0x00000000779f0000 - 0x0000000077b0f000 	C:\Windows\system32\kernel32.dll
0x000007fefdb40000 - 0x000007fefdbaa000 	C:\Windows\system32\KERNELBASE.dll
0x000007feff7c0000 - 0x000007feff89b000 	C:\Windows\system32\ADVAPI32.dll
0x000007fefdc90000 - 0x000007fefdd2f000 	C:\Windows\system32\msvcrt.dll
0x000007feffb50000 - 0x000007feffb6f000 	C:\Windows\SYSTEM32\sechost.dll
0x000007fefe120000 - 0x000007fefe24d000 	C:\Windows\system32\RPCRT4.dll
0x00000000778f0000 - 0x00000000779ea000 	C:\Windows\system32\USER32.dll
0x000007feff750000 - 0x000007feff7b7000 	C:\Windows\system32\GDI32.dll
0x000007feffb40000 - 0x000007feffb4e000 	C:\Windows\system32\LPK.dll
0x000007fefdbc0000 - 0x000007fefdc8b000 	C:\Windows\system32\USP10.dll
0x000007fefc200000 - 0x000007fefc3f4000 	C:\Windows\WinSxS\amd64_microsoft.windows.common-controls_6595b64144ccf1df_6.0.7601.18837_none_fa3b1e3d17594757\COMCTL32.dll
0x000007fefdd30000 - 0x000007fefdda1000 	C:\Windows\system32\SHLWAPI.dll
0x000007feffbf0000 - 0x000007feffc1e000 	C:\Windows\system32\IMM32.DLL
0x000007fefe840000 - 0x000007fefe949000 	C:\Windows\system32\MSCTF.dll
0x000000006a6c0000 - 0x000000006a792000 	C:\Program Files\Java\jre1.8.0_121\bin\msvcr100.dll
0x0000000052300000 - 0x0000000052b9b000 	C:\Program Files\Java\jre1.8.0_121\bin\server\jvm.dll
0x000007fef64f0000 - 0x000007fef64f9000 	C:\Windows\system32\WSOCK32.dll
0x000007feffaf0000 - 0x000007feffb3d000 	C:\Windows\system32\WS2_32.dll
0x000007fefe950000 - 0x000007fefe958000 	C:\Windows\system32\NSI.dll
0x000007fefbd60000 - 0x000007fefbd9b000 	C:\Windows\system32\WINMM.dll
0x000007fefc8e0000 - 0x000007fefc8ec000 	C:\Windows\system32\VERSION.dll
0x0000000077ce0000 - 0x0000000077ce7000 	C:\Windows\system32\PSAPI.DLL
0x000000006de20000 - 0x000000006de2f000 	C:\Program Files\Java\jre1.8.0_121\bin\verify.dll
0x000000006ddf0000 - 0x000000006de19000 	C:\Program Files\Java\jre1.8.0_121\bin\java.dll
0x000000006d890000 - 0x000000006d8a6000 	C:\Program Files\Java\jre1.8.0_121\bin\zip.dll

VM Arguments:
jvm_args: -Dfile.encoding=MS949 
java_command: datastructure.PPCInterviewPreparation
java_class_path (initial): C:\Users\sam\Exercise\Exercise\Exercise\target\classes;C:\Users\sam\.m2\repository\org\apache\pdfbox\pdfbox\1.1.0\pdfbox-1.1.0.jar;C:\Users\sam\.m2\repository\org\apache\pdfbox\fontbox\1.1.0\fontbox-1.1.0.jar;C:\Users\sam\.m2\repository\org\apache\pdfbox\jempbox\1.1.0\jempbox-1.1.0.jar;C:\Users\sam\.m2\repository\commons-logging\commons-logging\1.1.1\commons-logging-1.1.1.jar;C:\Users\sam\.m2\repository\com\itextpdf\itextpdf\5.5.13\itextpdf-5.5.13.jar
Launcher Type: SUN_STANDARD

Environment Variables:
JAVA_HOME=C:\Program Files\Java\jdk1.8.0_111
PATH=C:\oraclexe\app\oracle\product\11.2.0\server\bin;C:\ProgramData\Oracle\Java\javapath;C:\Program Files\Java\jdk1.8.0_111\bin;C:\Program Files (x86)\Wizvera\Delfino;c:\Program Files (x86)\Intel\iCLS Client\;c:\Program Files\Intel\iCLS Client\;C:\Windows\system32;C:\Windows;C:\Windows\System32\Wbem;C:\Windows\System32\WindowsPowerShell\v1.0\;c:\Program Files (x86)\ATI Technologies\ATI.ACE\Core-Static;C:\Program Files (x86)\Intel\OpenCL SDK\3.0\bin\x86;C:\Program Files (x86)\Intel\OpenCL SDK\3.0\bin\x64;C:\Program Files\Intel\Intel(R) Management Engine Components\DAL;C:\Program Files\Intel\Intel(R) Management Engine Components\IPT;C:\Program Files (x86)\Intel\Intel(R) Management Engine Components\DAL;C:\Program Files (x86)\Intel\Intel(R) Management Engine Components\IPT;C:\Program Files\ChakraDAR\MagicCrypto64\;C:\Program Files\ChakraDAR\MagicCrypto32\;C:\MinGW\bin;C:\Program Files\Python 3.5;C:\ksbiz2\lib;C:\apache_home\bin;C:\mysql\bin;C:\grinder\lib;C:\Program Files\nodejs\;C:\apache-maven-3.5.3\bin;C:\PostgreSQL\pg10\bin;C:\Program Files\Git\cmd;C:\sonarqube-7.3\bin\windows-x86-64;C:\apache-ant-1.10.5\bin;C:\Users\sam\AppData\Roaming\npm;C:\Users\sam\AppData\Local\Google\Cloud SDK\google-cloud-sdk\bin
USERNAME=sam
OS=Windows_NT
PROCESSOR_IDENTIFIER=Intel64 Family 6 Model 60 Stepping 3, GenuineIntel



---------------  S Y S T E M  ---------------

OS: Windows 7 , 64 bit Build 7601 (6.1.7601.23915)

CPU:total 8 (4 cores per cpu, 2 threads per core) family 6 model 60 stepping 3, cmov, cx8, fxsr, mmx, sse, sse2, sse3, ssse3, sse4.1, sse4.2, popcnt, avx, avx2, aes, clmul, erms, lzcnt, ht, tsc, tscinvbit, bmi1, bmi2

Memory: 4k page, physical 7808112k(1009164k free), swap 7806252k(5464k free)

vm_info: Java HotSpot(TM) 64-Bit Server VM (25.121-b13) for windows-amd64 JRE (1.8.0_121-b13), built on Dec 12 2016 18:21:36 by "java_re" with MS VC++ 10.0 (VS2010)

time: Tue Sep 25 13:05:23 2018
elapsed time: 0 seconds (0d 0h 0m 0s)

